<?xml version="1.0" encoding="UTF-8"?>
<testsuite name="edu.odu.cs.TestWordCounter" tests="3" skipped="0" failures="0" errors="0" timestamp="2023-11-02T20:25:25" hostname="ganymede" time="0.024">
  <properties/>
  <testcase name="testAddWithDuplicates()" classname="edu.odu.cs.TestWordCounter" time="0.019"/>
  <testcase name="testAddNoDuplicates()" classname="edu.odu.cs.TestWordCounter" time="0.002"/>
  <testcase name="testConstructor()" classname="edu.odu.cs.TestWordCounter" time="0.001"/>
  <system-out><![CDATA[]]></system-out>
  <system-err><![CDATA[]]></system-err>
</testsuite>
