<?xml version="1.0" encoding="UTF-8"?>
<testsuite name="edu.odu.cs.TestWordFilter" tests="3" skipped="0" failures="0" errors="0" timestamp="2023-11-02T20:25:25" hostname="ganymede" time="0.004">
  <properties/>
  <testcase name="testBasicWords()" classname="edu.odu.cs.TestWordFilter" time="0.002"/>
  <testcase name="testAlphabeticPlusOthers()" classname="edu.odu.cs.TestWordFilter" time="0.001"/>
  <testcase name="testHyphenation()" classname="edu.odu.cs.TestWordFilter" time="0.0"/>
  <system-out><![CDATA[]]></system-out>
  <system-err><![CDATA[]]></system-err>
</testsuite>
